<?xml version="1.0" encoding="UTF-8"?>
<!-- Generated by org.testng.reporters.JUnitReportReporter -->
<testsuite hostname="C_Name" failures="0" tests="2" name="com.apolo.hms.scenario1.Run1" time="0.057" errors="0" timestamp="2024-08-06T18:45:58 IST" skipped="0">
  <testcase classname="com.apolo.hms.scenario1.Run1" name="test" time="0.020"/>
  <testcase classname="com.apolo.hms.scenario1.Run1" name="method" time="0.037"/>
</testsuite> <!-- com.apolo.hms.scenario1.Run1 -->
