<?xml version="1.0" encoding="UTF-8"?>
<!-- Generated by org.testng.reporters.JUnitReportReporter -->
<testsuite hostname="C_Name" failures="0" tests="1" name="com.amazon.scenario1.Run1" time="29.644" errors="0" timestamp="2024-08-07T15:03:05 IST" skipped="0">
  <testcase classname="com.amazon.scenario1.Run1" name="loginTest" time="29.644"/>
</testsuite> <!-- com.amazon.scenario1.Run1 -->
