<?xml version="1.0" encoding="UTF-8"?>
<!-- Generated by org.testng.reporters.JUnitReportReporter -->
<testsuite hostname="C_Name" failures="0" tests="1" name="com.amazon.genric.basetest.BaseClass" time="0.110" errors="0" timestamp="2024-08-07T10:09:49 IST" skipped="0">
  <testcase classname="com.amazon.genric.basetest.BaseClass" name="test" time="0.110"/>
</testsuite> <!-- com.amazon.genric.basetest.BaseClass -->
