<?xml version="1.0" encoding="UTF-8"?>
<!-- Generated by org.testng.reporters.JUnitReportReporter -->
<testsuite hostname="LAPTOP-TU9KCJFH" failures="0" tests="1" name="com.amazon.scenario2.Removetheelementfromcart" time="28.808" errors="0" timestamp="2024-08-08T15:59:09 IST" skipped="0">
  <testcase classname="com.amazon.scenario2.Removetheelementfromcart" name="removetheelement" time="28.808"/>
</testsuite> <!-- com.amazon.scenario2.Removetheelementfromcart -->
