<?xml version="1.0" encoding="UTF-8"?>
<!-- Generated by org.testng.reporters.JUnitReportReporter -->
<testsuite hostname="C_Name" failures="0" tests="1" name="com.apolo.hms.genric.basetest.BaseClass" time="0.026" errors="0" timestamp="2024-08-06T18:44:45 IST" skipped="0">
  <testcase classname="com.apolo.hms.genric.basetest.BaseClass" name="test" time="0.026"/>
</testsuite> <!-- com.apolo.hms.genric.basetest.BaseClass -->
